<?xml version="1.0" encoding="UTF-8"?>
<testng-results ignored="0" total="1" passed="1" failed="0" skipped="0">
  <reporter-output>
  </reporter-output>
  <suite started-at="2022-04-19T09:53:01 IST" name="Default suite" finished-at="2022-04-19T09:53:03 IST" duration-ms="2323">
    <groups>
    </groups>
    <test started-at="2022-04-19T09:53:01 IST" name="Default test" finished-at="2022-04-19T09:53:03 IST" duration-ms="2323">
      <class name="com.Restclient.PostAPITest">
        <test-method is-config="true" signature="beforeMethod()[pri:0, instance:com.Restclient.PostAPITest@1f0f1111]" started-at="2022-04-19T09:53:01 IST" name="beforeMethod" finished-at="2022-04-19T09:53:01 IST" duration-ms="5" status="PASS">
          <reporter-output>
          </reporter-output>
        </test-method> <!-- beforeMethod -->
        <test-method signature="PostAPITest()[pri:0, instance:com.Restclient.PostAPITest@1f0f1111]" started-at="2022-04-19T09:53:01 IST" name="PostAPITest" finished-at="2022-04-19T09:53:03 IST" duration-ms="2250" status="PASS">
          <reporter-output>
          </reporter-output>
        </test-method> <!-- PostAPITest -->
      </class> <!-- com.Restclient.PostAPITest -->
    </test> <!-- Default test -->
  </suite> <!-- Default suite -->
</testng-results>
