<?xml version="1.0" encoding="UTF-8"?>
<testng-results ignored="0" total="2" passed="2" failed="0" skipped="0">
  <reporter-output>
  </reporter-output>
  <suite started-at="2022-04-20T09:49:51 IST" name="Default suite" finished-at="2022-04-20T09:49:56 IST" duration-ms="4122">
    <groups>
    </groups>
    <test started-at="2022-04-20T09:49:51 IST" name="Default test" finished-at="2022-04-20T09:49:56 IST" duration-ms="4122">
      <class name="getRequest.getClass">
        <test-method signature="patch()[pri:0, instance:getRequest.getClass@654f0d9c]" started-at="2022-04-20T09:49:52 IST" name="patch" finished-at="2022-04-20T09:49:55 IST" duration-ms="3193" status="PASS">
          <reporter-output>
          </reporter-output>
        </test-method> <!-- patch -->
        <test-method signature="put()[pri:0, instance:getRequest.getClass@654f0d9c]" started-at="2022-04-20T09:49:55 IST" name="put" finished-at="2022-04-20T09:49:56 IST" duration-ms="870" status="PASS">
          <reporter-output>
          </reporter-output>
        </test-method> <!-- put -->
      </class> <!-- getRequest.getClass -->
    </test> <!-- Default test -->
  </suite> <!-- Default suite -->
</testng-results>
